19:11:39 **** Incremental Build of configuration Debug for project newtest ****
make all 
Building file: ../src/newtest.cpp
Invoking: GCC C++ Compiler
g++ -O0 -g3 -Wall -c -fmessage-length=0 -MMD -MP -MF"src/newtest.d" -MT"src/newtest.o" -o "src/newtest.o" "../src/newtest.cpp"
In file included from ../src/newtest.cpp:9:
In file included from /Applications/Xcode.app/Contents/Developer/Toolchains/XcodeDefault.xctoolchain/usr/include/c++/v1/iostream:38:
In file included from /Applications/Xcode.app/Contents/Developer/Toolchains/XcodeDefault.xctoolchain/usr/include/c++/v1/ios:215:
In file included from /Applications/Xcode.app/Contents/Developer/Toolchains/XcodeDefault.xctoolchain/usr/include/c++/v1/iosfwd:90:
In file included from /Applications/Xcode.app/Contents/Developer/Toolchains/XcodeDefault.xctoolchain/usr/include/c++/v1/wchar.h:119:
/Applications/Xcode.app/Contents/Developer/Platforms/MacOSX.platform/Developer/SDKs/MacOSX10.14.sdk/usr/include/wchar.h:98:15: error: unknown type name 'FILE'
wint_t  fgetwc(FILE *);
               ^
/Applications/Xcode.app/Contents/Developer/Platforms/MacOSX.platform/Developer/SDKs/MacOSX10.14.sdk/usr/include/wchar.h:99:44: error: unknown type name 'FILE'
wchar_t *fgetws(wchar_t * __restrict, int, FILE * __restrict);
                                           ^
/Applications/Xcode.app/Contents/Developer/Platforms/MacOSX.platform/Developer/SDKs/MacOSX10.14.sdk/usr/include/wchar.h:100:24: error: unknown type name 'FILE'
wint_t  fputwc(wchar_t, FILE *);
                        ^
/Applications/Xcode.app/Contents/Developer/Platforms/MacOSX.platform/Developer/SDKs/MacOSX10.14.sdk/usr/include/wchar.h:101:40: error: unknown type name 'FILE'
int     fputws(const wchar_t * __restrict, FILE * __restrict);
                                           ^
/Applications/Xcode.app/Contents/Developer/Platforms/MacOSX.platform/Developer/SDKs/MacOSX10.14.sdk/usr/include/wchar.h:102:11: error: unknown type name 'FILE'
int     fwide(FILE *, int);
              ^
/Applications/Xcode.app/Contents/Developer/Platforms/MacOSX.platform/Developer/SDKs/MacOSX10.14.sdk/usr/include/wchar.h:103:14: error: unknown type name 'FILE'
int     fwprintf(FILE * __restrict, const wchar_t * __restrict, ...);
                 ^
/Applications/Xcode.app/Contents/Developer/Platforms/MacOSX.platform/Developer/SDKs/MacOSX10.14.sdk/usr/include/wchar.h:104:13: error: unknown type name 'FILE'
int     fwscanf(FILE * __restrict, const wchar_t * __restrict, ...);
                ^
/Applications/Xcode.app/Contents/Developer/Platforms/MacOSX.platform/Developer/SDKs/MacOSX10.14.sdk/usr/include/wchar.h:105:14: error: unknown type name 'FILE'
wint_t  getwc(FILE *);
              ^
/Applications/Xcode.app/Contents/Developer/Platforms/MacOSX.platform/Developer/SDKs/MacOSX10.14.sdk/usr/include/wchar.h:113:23: error: unknown type name 'FILE'
wint_t  putwc(wchar_t, FILE *);
                       ^
/Applications/Xcode.app/Contents/Developer/Platforms/MacOSX.platform/Developer/SDKs/MacOSX10.14.sdk/usr/include/wchar.h:117:24: error: unknown type name 'FILE'
wint_t  ungetwc(wint_t, FILE *);
                        ^
/Applications/Xcode.app/Contents/Developer/Platforms/MacOSX.platform/Developer/SDKs/MacOSX10.14.sdk/usr/include/wchar.h:118:15: error: unknown type name 'FILE'
int     vfwprintf(FILE * __restrict, const wchar_t * __restrict,
                  ^
/Applications/Xcode.app/Contents/Developer/Platforms/MacOSX.platform/Developer/SDKs/MacOSX10.14.sdk/usr/include/wchar.h:170:14: error: unknown type name 'FILE'
int     vfwscanf(FILE * __restrict, const wchar_t * __restrict,
                 ^
/Applications/Xcode.app/Contents/Developer/Platforms/MacOSX.platform/Developer/SDKs/MacOSX10.14.sdk/usr/include/wchar.h:205:1: error: unknown type name 'FILE'
FILE *open_wmemstream(wchar_t ** __bufp, size_t * __sizep) __API_AVAILABLE(macos(10.13), ios(11.0), tvos(11.0), watchos(4.0));
^
/Applications/Xcode.app/Contents/Developer/Platforms/MacOSX.platform/Developer/SDKs/MacOSX10.14.sdk/usr/include/wchar.h:215:18: error: unknown type name 'FILE'
wchar_t *fgetwln(FILE * __restrict, size_t *) __OSX_AVAILABLE_STARTING(__MAC_10_7, __IPHONE_4_3);
                 ^
In file included from ../src/newtest.cpp:9:
In file included from /Applications/Xcode.app/Contents/Developer/Toolchains/XcodeDefault.xctoolchain/usr/include/c++/v1/iostream:38:
In file included from /Applications/Xcode.app/Contents/Developer/Toolchains/XcodeDefault.xctoolchain/usr/include/c++/v1/ios:216:
In file included from /Applications/Xcode.app/Contents/Developer/Toolchains/XcodeDefault.xctoolchain/usr/include/c++/v1/__locale:15:
In file included from /Applications/Xcode.app/Contents/Developer/Toolchains/XcodeDefault.xctoolchain/usr/include/c++/v1/string:500:
In file included from /Applications/Xcode.app/Contents/Developer/Toolchains/XcodeDefault.xctoolchain/usr/include/c++/v1/string_view:176:
In file included from /Applications/Xcode.app/Contents/Developer/Toolchains/XcodeDefault.xctoolchain/usr/include/c++/v1/__string:57:
/Applications/Xcode.app/Contents/Developer/Toolchains/XcodeDefault.xctoolchain/usr/include/c++/v1/cstdio:108:9: error: no member named 'FILE' in the global namespace
using ::FILE;
      ~~^
/Applications/Xcode.app/Contents/Developer/Toolchains/XcodeDefault.xctoolchain/usr/include/c++/v1/cstdio:109:9: error: no member named 'fpos_t' in the global namespace
using ::fpos_t;
      ~~^
/Applications/Xcode.app/Contents/Developer/Toolchains/XcodeDefault.xctoolchain/usr/include/c++/v1/cstdio:112:9: error: no member named 'fclose' in the global namespace
using ::fclose;
      ~~^
/Applications/Xcode.app/Contents/Developer/Toolchains/XcodeDefault.xctoolchain/usr/include/c++/v1/cstdio:113:9: error: no member named 'fflush' in the global namespace
using ::fflush;
      ~~^
/Applications/Xcode.app/Contents/Developer/Toolchains/XcodeDefault.xctoolchain/usr/include/c++/v1/cstdio:114:9: error: no member named 'setbuf' in the global namespace
using ::setbuf;
      ~~^
fatal error: too many errors emitted, stopping now [-ferror-limit=]
20 errors generated.
make: *** [src/newtest.o] Error 1
"make all" terminated with exit code 2. Build might be incomplete.
